# Logfile created on 2016-06-18 11:44:24 +0200 by logger.rb/53141
D, [2016-06-18T11:44:24.948016 #84317] DEBUG -- : DRAGONFLY: shell command: 'identify' '-ping' '-format' '%m %w %h' '/var/folders/gc/fv4wrtnn0z1_d2ck_bsbknx80000gn/T/RackMultipart20160618-84317-1udo4tz.jpeg'
D, [2016-06-18T11:44:25.943030 #84317] DEBUG -- : DRAGONFLY: shell command: 'convert' '/Users/victorioiglesiasgutierrez/proyectos/arkano/public/system/refinery/images/2016/06/18/6ypt5xph7c_AdobeStock_94909735_WM.jpeg' '-resize' '106x106^^' '-gravity' 'Center' '-crop' '106x106+0+0' '+repage' '/var/folders/gc/fv4wrtnn0z1_d2ck_bsbknx80000gn/T/dragonfly20160618-84317-3jzrfb.jpeg'
I, [2016-06-18T11:44:26.018996 #84317]  INFO -- : DRAGONFLY: GET /system/images/W1siZiIsIjIwMTYvMDYvMTgvNnlwdDV4cGg3Y19BZG9iZVN0b2NrXzk0OTA5NzM1X1dNLmpwZWciXSxbInAiLCJ0aHVtYiIsIjEwNngxMDYjYyJdXQ/AdobeStock_94909735_WM.jpeg?sha=315e4848bcd1db38 200
D, [2016-06-18T11:44:38.725699 #84317] DEBUG -- : DRAGONFLY: shell command: 'identify' '-ping' '-format' '%m %w %h' '/var/folders/gc/fv4wrtnn0z1_d2ck_bsbknx80000gn/T/RackMultipart20160618-84317-47h7ym.jpg'
D, [2016-06-18T11:44:39.077535 #84317] DEBUG -- : DRAGONFLY: shell command: 'convert' '/Users/victorioiglesiasgutierrez/proyectos/arkano/public/system/refinery/images/2016/06/18/9c495h8meq_baby_1112334.jpg' '-resize' '106x106^^' '-gravity' 'Center' '-crop' '106x106+0+0' '+repage' '/var/folders/gc/fv4wrtnn0z1_d2ck_bsbknx80000gn/T/dragonfly20160618-84317-12spdv4.jpg'
I, [2016-06-18T11:44:39.971749 #84317]  INFO -- : DRAGONFLY: GET /system/images/W1siZiIsIjIwMTYvMDYvMTgvOWM0OTVoOG1lcV9iYWJ5XzExMTIzMzQuanBnIl0sWyJwIiwidGh1bWIiLCIxMDZ4MTA2I2MiXV0/baby-1112334.jpg?sha=d341a280f65e1daf 200
D, [2016-06-18T11:44:47.317996 #84317] DEBUG -- : DRAGONFLY: shell command: 'convert' '/Users/victorioiglesiasgutierrez/proyectos/arkano/public/system/refinery/images/2016/06/18/9c495h8meq_baby_1112334.jpg' '-resize' '149x149^^' '-gravity' 'Center' '-crop' '149x149+0+0' '+repage' '/var/folders/gc/fv4wrtnn0z1_d2ck_bsbknx80000gn/T/dragonfly20160618-84317-1o7i78x.jpg'
I, [2016-06-18T11:44:48.208816 #84317]  INFO -- : DRAGONFLY: GET /system/images/W1siZiIsIjIwMTYvMDYvMTgvOWM0OTVoOG1lcV9iYWJ5XzExMTIzMzQuanBnIl0sWyJwIiwidGh1bWIiLCIxNDl4MTQ5I2MiXV0/baby-1112334.jpg?sha=ab0aa959de015842 200
D, [2016-06-18T11:44:48.223509 #84317] DEBUG -- : DRAGONFLY: shell command: 'convert' '/Users/victorioiglesiasgutierrez/proyectos/arkano/public/system/refinery/images/2016/06/18/6ypt5xph7c_AdobeStock_94909735_WM.jpeg' '-resize' '149x149^^' '-gravity' 'Center' '-crop' '149x149+0+0' '+repage' '/var/folders/gc/fv4wrtnn0z1_d2ck_bsbknx80000gn/T/dragonfly20160618-84317-wnzjwt.jpeg'
I, [2016-06-18T11:44:48.268965 #84317]  INFO -- : DRAGONFLY: GET /system/images/W1siZiIsIjIwMTYvMDYvMTgvNnlwdDV4cGg3Y19BZG9iZVN0b2NrXzk0OTA5NzM1X1dNLmpwZWciXSxbInAiLCJ0aHVtYiIsIjE0OXgxNDkjYyJdXQ/AdobeStock_94909735_WM.jpeg?sha=3c268e95e514aec2 200
D, [2016-06-18T11:45:07.674305 #84317] DEBUG -- : DRAGONFLY: shell command: 'convert' '/Users/victorioiglesiasgutierrez/proyectos/arkano/public/system/refinery/images/2016/06/18/9c495h8meq_baby_1112334.jpg' '-resize' '225x255>' '/var/folders/gc/fv4wrtnn0z1_d2ck_bsbknx80000gn/T/dragonfly20160618-84317-1nec36t.jpg'
I, [2016-06-18T11:45:08.493785 #84317]  INFO -- : DRAGONFLY: GET /system/images/W1siZiIsIjIwMTYvMDYvMTgvOWM0OTVoOG1lcV9iYWJ5XzExMTIzMzQuanBnIl0sWyJwIiwidGh1bWIiLCIyMjV4MjU1XHUwMDNlIl1d/baby-1112334.jpg?sha=37399fd7bdbbab33 200
D, [2016-06-18T11:45:38.253412 #84317] DEBUG -- : DRAGONFLY: shell command: 'convert' '/Users/victorioiglesiasgutierrez/proyectos/arkano/public/system/refinery/images/2016/06/18/9c495h8meq_baby_1112334.jpg' '-resize' '128x128' '/var/folders/gc/fv4wrtnn0z1_d2ck_bsbknx80000gn/T/dragonfly20160618-84317-11a678b.jpg'
I, [2016-06-18T11:45:39.144424 #84317]  INFO -- : DRAGONFLY: GET /system/images/W1siZiIsIjIwMTYvMDYvMTgvOWM0OTVoOG1lcV9iYWJ5XzExMTIzMzQuanBnIl0sWyJwIiwidGh1bWIiLCIxMjh4MTI4Il1d/baby-1112334.jpg?sha=a3c7a1777eb4a216 200
D, [2016-06-18T11:45:48.399718 #84317] DEBUG -- : DRAGONFLY: shell command: 'convert' '/Users/victorioiglesiasgutierrez/proyectos/arkano/public/system/refinery/images/2016/06/18/6ypt5xph7c_AdobeStock_94909735_WM.jpeg' '-resize' '225x255>' '/var/folders/gc/fv4wrtnn0z1_d2ck_bsbknx80000gn/T/dragonfly20160618-84317-g3ozmr.jpeg'
I, [2016-06-18T11:45:48.549369 #84317]  INFO -- : DRAGONFLY: GET /system/images/W1siZiIsIjIwMTYvMDYvMTgvNnlwdDV4cGg3Y19BZG9iZVN0b2NrXzk0OTA5NzM1X1dNLmpwZWciXSxbInAiLCJ0aHVtYiIsIjIyNXgyNTVcdTAwM2UiXV0/AdobeStock_94909735_WM.jpeg?sha=d9ef3bac3a1709d2 200
D, [2016-06-18T11:45:53.834826 #84317] DEBUG -- : DRAGONFLY: shell command: 'convert' '/Users/victorioiglesiasgutierrez/proyectos/arkano/public/system/refinery/images/2016/06/18/6ypt5xph7c_AdobeStock_94909735_WM.jpeg' '-resize' '128x128' '/var/folders/gc/fv4wrtnn0z1_d2ck_bsbknx80000gn/T/dragonfly20160618-84317-15jrl70.jpeg'
I, [2016-06-18T11:45:53.880865 #84317]  INFO -- : DRAGONFLY: GET /system/images/W1siZiIsIjIwMTYvMDYvMTgvNnlwdDV4cGg3Y19BZG9iZVN0b2NrXzk0OTA5NzM1X1dNLmpwZWciXSxbInAiLCJ0aHVtYiIsIjEyOHgxMjgiXV0/AdobeStock_94909735_WM.jpeg?sha=a95952d747e02bfe 200
I, [2016-06-18T11:46:02.208653 #84317]  INFO -- : DRAGONFLY: GET /system/images/W1siZiIsIjIwMTYvMDYvMTgvNnlwdDV4cGg3Y19BZG9iZVN0b2NrXzk0OTA5NzM1X1dNLmpwZWciXV0/AdobeStock_94909735_WM.jpeg?sha=84f960eed76d3980 200
I, [2016-06-18T11:46:02.224668 #84317]  INFO -- : DRAGONFLY: GET /system/images/W1siZiIsIjIwMTYvMDYvMTgvOWM0OTVoOG1lcV9iYWJ5XzExMTIzMzQuanBnIl1d/baby-1112334.jpg?sha=f074c7e31761b5e8 200
I, [2016-06-18T11:48:41.548105 #84317]  INFO -- : DRAGONFLY: GET /system/images/W1siZiIsIjIwMTYvMDYvMTgvOWM0OTVoOG1lcV9iYWJ5XzExMTIzMzQuanBnIl1d/baby-1112334.jpg?sha=f074c7e31761b5e8 304
I, [2016-06-18T11:48:41.573728 #84317]  INFO -- : DRAGONFLY: GET /system/images/W1siZiIsIjIwMTYvMDYvMTgvNnlwdDV4cGg3Y19BZG9iZVN0b2NrXzk0OTA5NzM1X1dNLmpwZWciXV0/AdobeStock_94909735_WM.jpeg?sha=84f960eed76d3980 304
I, [2016-06-18T11:56:43.530541 #84317]  INFO -- : DRAGONFLY: GET /system/images/W1siZiIsIjIwMTYvMDYvMTgvOWM0OTVoOG1lcV9iYWJ5XzExMTIzMzQuanBnIl1d/baby-1112334.jpg?sha=f074c7e31761b5e8 304
I, [2016-06-18T11:56:43.595126 #84317]  INFO -- : DRAGONFLY: GET /system/images/W1siZiIsIjIwMTYvMDYvMTgvNnlwdDV4cGg3Y19BZG9iZVN0b2NrXzk0OTA5NzM1X1dNLmpwZWciXV0/AdobeStock_94909735_WM.jpeg?sha=84f960eed76d3980 304
I, [2016-06-18T11:57:07.459681 #84317]  INFO -- : DRAGONFLY: GET /system/images/W1siZiIsIjIwMTYvMDYvMTgvOWM0OTVoOG1lcV9iYWJ5XzExMTIzMzQuanBnIl1d/baby-1112334.jpg?sha=f074c7e31761b5e8 304
I, [2016-06-18T11:57:07.581366 #84317]  INFO -- : DRAGONFLY: GET /system/images/W1siZiIsIjIwMTYvMDYvMTgvNnlwdDV4cGg3Y19BZG9iZVN0b2NrXzk0OTA5NzM1X1dNLmpwZWciXV0/AdobeStock_94909735_WM.jpeg?sha=84f960eed76d3980 304
I, [2016-06-18T11:57:10.228650 #84317]  INFO -- : DRAGONFLY: GET /system/images/W1siZiIsIjIwMTYvMDYvMTgvOWM0OTVoOG1lcV9iYWJ5XzExMTIzMzQuanBnIl1d/baby-1112334.jpg?sha=f074c7e31761b5e8 304
I, [2016-06-18T11:57:10.290537 #84317]  INFO -- : DRAGONFLY: GET /system/images/W1siZiIsIjIwMTYvMDYvMTgvNnlwdDV4cGg3Y19BZG9iZVN0b2NrXzk0OTA5NzM1X1dNLmpwZWciXV0/AdobeStock_94909735_WM.jpeg?sha=84f960eed76d3980 304
I, [2016-06-18T11:57:12.394855 #84317]  INFO -- : DRAGONFLY: GET /system/images/W1siZiIsIjIwMTYvMDYvMTgvOWM0OTVoOG1lcV9iYWJ5XzExMTIzMzQuanBnIl1d/baby-1112334.jpg?sha=f074c7e31761b5e8 304
I, [2016-06-18T11:57:12.508875 #84317]  INFO -- : DRAGONFLY: GET /system/images/W1siZiIsIjIwMTYvMDYvMTgvNnlwdDV4cGg3Y19BZG9iZVN0b2NrXzk0OTA5NzM1X1dNLmpwZWciXV0/AdobeStock_94909735_WM.jpeg?sha=84f960eed76d3980 304
I, [2016-06-18T11:58:42.243779 #84317]  INFO -- : DRAGONFLY: GET /system/images/W1siZiIsIjIwMTYvMDYvMTgvOWM0OTVoOG1lcV9iYWJ5XzExMTIzMzQuanBnIl1d/baby-1112334.jpg?sha=f074c7e31761b5e8 304
I, [2016-06-18T11:58:42.338209 #84317]  INFO -- : DRAGONFLY: GET /system/images/W1siZiIsIjIwMTYvMDYvMTgvNnlwdDV4cGg3Y19BZG9iZVN0b2NrXzk0OTA5NzM1X1dNLmpwZWciXV0/AdobeStock_94909735_WM.jpeg?sha=84f960eed76d3980 304
I, [2016-06-18T11:58:56.854107 #84317]  INFO -- : DRAGONFLY: GET /system/images/W1siZiIsIjIwMTYvMDYvMTgvOWM0OTVoOG1lcV9iYWJ5XzExMTIzMzQuanBnIl1d/baby-1112334.jpg?sha=f074c7e31761b5e8 304
I, [2016-06-18T11:58:57.829236 #84317]  INFO -- : DRAGONFLY: GET /system/images/W1siZiIsIjIwMTYvMDYvMTgvNnlwdDV4cGg3Y19BZG9iZVN0b2NrXzk0OTA5NzM1X1dNLmpwZWciXV0/AdobeStock_94909735_WM.jpeg?sha=84f960eed76d3980 304
I, [2016-06-18T11:59:00.150831 #84317]  INFO -- : DRAGONFLY: GET /system/images/W1siZiIsIjIwMTYvMDYvMTgvOWM0OTVoOG1lcV9iYWJ5XzExMTIzMzQuanBnIl1d/baby-1112334.jpg?sha=f074c7e31761b5e8 304
I, [2016-06-18T11:59:01.212004 #84317]  INFO -- : DRAGONFLY: GET /system/images/W1siZiIsIjIwMTYvMDYvMTgvNnlwdDV4cGg3Y19BZG9iZVN0b2NrXzk0OTA5NzM1X1dNLmpwZWciXV0/AdobeStock_94909735_WM.jpeg?sha=84f960eed76d3980 304
I, [2016-06-18T11:59:05.913221 #84317]  INFO -- : DRAGONFLY: GET /system/images/W1siZiIsIjIwMTYvMDYvMTgvOWM0OTVoOG1lcV9iYWJ5XzExMTIzMzQuanBnIl1d/baby-1112334.jpg?sha=f074c7e31761b5e8 304
I, [2016-06-18T11:59:05.980585 #84317]  INFO -- : DRAGONFLY: GET /system/images/W1siZiIsIjIwMTYvMDYvMTgvNnlwdDV4cGg3Y19BZG9iZVN0b2NrXzk0OTA5NzM1X1dNLmpwZWciXV0/AdobeStock_94909735_WM.jpeg?sha=84f960eed76d3980 304
I, [2016-06-18T12:01:24.286555 #84317]  INFO -- : DRAGONFLY: GET /system/images/W1siZiIsIjIwMTYvMDYvMTgvOWM0OTVoOG1lcV9iYWJ5XzExMTIzMzQuanBnIl1d/baby-1112334.jpg?sha=f074c7e31761b5e8 304
I, [2016-06-18T12:01:24.414857 #84317]  INFO -- : DRAGONFLY: GET /system/images/W1siZiIsIjIwMTYvMDYvMTgvOWM0OTVoOG1lcV9iYWJ5XzExMTIzMzQuanBnIl1d/baby-1112334.jpg?sha=f074c7e31761b5e8 200
I, [2016-06-18T12:01:24.471627 #84317]  INFO -- : DRAGONFLY: GET /system/images/W1siZiIsIjIwMTYvMDYvMTgvNnlwdDV4cGg3Y19BZG9iZVN0b2NrXzk0OTA5NzM1X1dNLmpwZWciXV0/AdobeStock_94909735_WM.jpeg?sha=84f960eed76d3980 304
I, [2016-06-18T12:02:07.434430 #84317]  INFO -- : DRAGONFLY: GET /system/images/W1siZiIsIjIwMTYvMDYvMTgvOWM0OTVoOG1lcV9iYWJ5XzExMTIzMzQuanBnIl1d/baby-1112334.jpg?sha=f074c7e31761b5e8 304
I, [2016-06-18T12:02:07.529884 #84317]  INFO -- : DRAGONFLY: GET /system/images/W1siZiIsIjIwMTYvMDYvMTgvNnlwdDV4cGg3Y19BZG9iZVN0b2NrXzk0OTA5NzM1X1dNLmpwZWciXV0/AdobeStock_94909735_WM.jpeg?sha=84f960eed76d3980 304
I, [2016-06-18T12:02:33.257802 #84317]  INFO -- : DRAGONFLY: GET /system/images/W1siZiIsIjIwMTYvMDYvMTgvOWM0OTVoOG1lcV9iYWJ5XzExMTIzMzQuanBnIl1d/baby-1112334.jpg?sha=f074c7e31761b5e8 304
I, [2016-06-18T12:02:33.363931 #84317]  INFO -- : DRAGONFLY: GET /system/images/W1siZiIsIjIwMTYvMDYvMTgvOWM0OTVoOG1lcV9iYWJ5XzExMTIzMzQuanBnIl1d/baby-1112334.jpg?sha=f074c7e31761b5e8 200
I, [2016-06-18T12:02:33.402504 #84317]  INFO -- : DRAGONFLY: GET /system/images/W1siZiIsIjIwMTYvMDYvMTgvNnlwdDV4cGg3Y19BZG9iZVN0b2NrXzk0OTA5NzM1X1dNLmpwZWciXV0/AdobeStock_94909735_WM.jpeg?sha=84f960eed76d3980 304
I, [2016-06-18T12:03:05.523965 #84317]  INFO -- : DRAGONFLY: GET /system/images/W1siZiIsIjIwMTYvMDYvMTgvOWM0OTVoOG1lcV9iYWJ5XzExMTIzMzQuanBnIl1d/baby-1112334.jpg?sha=f074c7e31761b5e8 304
I, [2016-06-18T12:03:05.618921 #84317]  INFO -- : DRAGONFLY: GET /system/images/W1siZiIsIjIwMTYvMDYvMTgvNnlwdDV4cGg3Y19BZG9iZVN0b2NrXzk0OTA5NzM1X1dNLmpwZWciXV0/AdobeStock_94909735_WM.jpeg?sha=84f960eed76d3980 304
I, [2016-06-18T12:04:03.142396 #84317]  INFO -- : DRAGONFLY: GET /system/images/W1siZiIsIjIwMTYvMDYvMTgvOWM0OTVoOG1lcV9iYWJ5XzExMTIzMzQuanBnIl1d/baby-1112334.jpg?sha=f074c7e31761b5e8 304
I, [2016-06-18T12:04:03.225765 #84317]  INFO -- : DRAGONFLY: GET /system/images/W1siZiIsIjIwMTYvMDYvMTgvOWM0OTVoOG1lcV9iYWJ5XzExMTIzMzQuanBnIl1d/baby-1112334.jpg?sha=f074c7e31761b5e8 200
I, [2016-06-18T12:04:03.270836 #84317]  INFO -- : DRAGONFLY: GET /system/images/W1siZiIsIjIwMTYvMDYvMTgvNnlwdDV4cGg3Y19BZG9iZVN0b2NrXzk0OTA5NzM1X1dNLmpwZWciXV0/AdobeStock_94909735_WM.jpeg?sha=84f960eed76d3980 304
I, [2016-06-18T12:04:04.819590 #84317]  INFO -- : DRAGONFLY: GET /system/images/W1siZiIsIjIwMTYvMDYvMTgvOWM0OTVoOG1lcV9iYWJ5XzExMTIzMzQuanBnIl1d/baby-1112334.jpg?sha=f074c7e31761b5e8 304
I, [2016-06-18T12:04:04.902272 #84317]  INFO -- : DRAGONFLY: GET /system/images/W1siZiIsIjIwMTYvMDYvMTgvNnlwdDV4cGg3Y19BZG9iZVN0b2NrXzk0OTA5NzM1X1dNLmpwZWciXV0/AdobeStock_94909735_WM.jpeg?sha=84f960eed76d3980 304
I, [2016-06-18T12:04:22.936934 #84317]  INFO -- : DRAGONFLY: GET /system/images/W1siZiIsIjIwMTYvMDYvMTgvOWM0OTVoOG1lcV9iYWJ5XzExMTIzMzQuanBnIl1d/baby-1112334.jpg?sha=f074c7e31761b5e8 304
I, [2016-06-18T12:04:23.023431 #84317]  INFO -- : DRAGONFLY: GET /system/images/W1siZiIsIjIwMTYvMDYvMTgvOWM0OTVoOG1lcV9iYWJ5XzExMTIzMzQuanBnIl1d/baby-1112334.jpg?sha=f074c7e31761b5e8 200
I, [2016-06-18T12:04:23.062041 #84317]  INFO -- : DRAGONFLY: GET /system/images/W1siZiIsIjIwMTYvMDYvMTgvNnlwdDV4cGg3Y19BZG9iZVN0b2NrXzk0OTA5NzM1X1dNLmpwZWciXV0/AdobeStock_94909735_WM.jpeg?sha=84f960eed76d3980 304
I, [2016-06-18T12:05:58.824613 #84317]  INFO -- : DRAGONFLY: GET /system/images/W1siZiIsIjIwMTYvMDYvMTgvOWM0OTVoOG1lcV9iYWJ5XzExMTIzMzQuanBnIl1d/baby-1112334.jpg?sha=f074c7e31761b5e8 304
I, [2016-06-18T12:05:58.974468 #84317]  INFO -- : DRAGONFLY: GET /system/images/W1siZiIsIjIwMTYvMDYvMTgvOWM0OTVoOG1lcV9iYWJ5XzExMTIzMzQuanBnIl1d/baby-1112334.jpg?sha=f074c7e31761b5e8 200
I, [2016-06-18T12:05:59.013606 #84317]  INFO -- : DRAGONFLY: GET /system/images/W1siZiIsIjIwMTYvMDYvMTgvNnlwdDV4cGg3Y19BZG9iZVN0b2NrXzk0OTA5NzM1X1dNLmpwZWciXV0/AdobeStock_94909735_WM.jpeg?sha=84f960eed76d3980 304
I, [2016-06-18T12:41:19.609432 #84317]  INFO -- : DRAGONFLY: GET /system/images/W1siZiIsIjIwMTYvMDYvMTgvOWM0OTVoOG1lcV9iYWJ5XzExMTIzMzQuanBnIl1d/baby-1112334.jpg?sha=f074c7e31761b5e8 304
I, [2016-06-18T12:41:19.766810 #84317]  INFO -- : DRAGONFLY: GET /system/images/W1siZiIsIjIwMTYvMDYvMTgvOWM0OTVoOG1lcV9iYWJ5XzExMTIzMzQuanBnIl1d/baby-1112334.jpg?sha=f074c7e31761b5e8 200
I, [2016-06-18T12:41:20.119156 #84317]  INFO -- : DRAGONFLY: GET /system/images/W1siZiIsIjIwMTYvMDYvMTgvNnlwdDV4cGg3Y19BZG9iZVN0b2NrXzk0OTA5NzM1X1dNLmpwZWciXV0/AdobeStock_94909735_WM.jpeg?sha=84f960eed76d3980 304
I, [2016-06-18T13:11:55.191467 #84317]  INFO -- : DRAGONFLY: GET /system/images/W1siZiIsIjIwMTYvMDYvMTgvOWM0OTVoOG1lcV9iYWJ5XzExMTIzMzQuanBnIl1d/baby-1112334.jpg?sha=f074c7e31761b5e8 304
I, [2016-06-18T13:11:55.504942 #84317]  INFO -- : DRAGONFLY: GET /system/images/W1siZiIsIjIwMTYvMDYvMTgvNnlwdDV4cGg3Y19BZG9iZVN0b2NrXzk0OTA5NzM1X1dNLmpwZWciXV0/AdobeStock_94909735_WM.jpeg?sha=84f960eed76d3980 304
I, [2016-06-18T13:12:34.645889 #84317]  INFO -- : DRAGONFLY: GET /system/images/W1siZiIsIjIwMTYvMDYvMTgvOWM0OTVoOG1lcV9iYWJ5XzExMTIzMzQuanBnIl1d/baby-1112334.jpg?sha=f074c7e31761b5e8 304
I, [2016-06-18T13:12:34.936894 #84317]  INFO -- : DRAGONFLY: GET /system/images/W1siZiIsIjIwMTYvMDYvMTgvNnlwdDV4cGg3Y19BZG9iZVN0b2NrXzk0OTA5NzM1X1dNLmpwZWciXV0/AdobeStock_94909735_WM.jpeg?sha=84f960eed76d3980 304
